<?xml version="1.0" encoding="UTF-8"?>
<testsuite xmlns:xsi="http://www.w3.org/2001/XMLSchema-instance" xsi:noNamespaceSchemaLocation="https://maven.apache.org/surefire/maven-surefire-plugin/xsd/surefire-test-report.xsd" name="br.unicamp.ic.inf335.beans.AnuncioBeanTest" time="0.001" tests="8" errors="0" skipped="0" failures="0">
  <properties>
    <property name="sun.desktop" value="windows"/>
    <property name="awt.toolkit" value="sun.awt.windows.WToolkit"/>
    <property name="file.encoding.pkg" value="sun.io"/>
    <property name="java.specification.version" value="1.8"/>
    <property name="sun.cpu.isalist" value="amd64"/>
    <property name="sun.jnu.encoding" value="Cp1252"/>
    <property name="java.class.path" value="C:\work\code\repositories\studies\courses\unicamp-software-engineering\INF 335 - Ambientes para Concepção de Software\aula4\trab\inf335-trab4\target\test-classes;C:\work\code\repositories\studies\courses\unicamp-software-engineering\INF 335 - Ambientes para Concepção de Software\aula4\trab\inf335-trab4\target\classes;C:\Users\JoãoKita\.m2\repository\io\cucumber\cucumber-java\7.14.1\cucumber-java-7.14.1.jar;C:\Users\JoãoKita\.m2\repository\io\cucumber\cucumber-core\7.14.1\cucumber-core-7.14.1.jar;C:\Users\JoãoKita\.m2\repository\io\cucumber\cucumber-gherkin\7.14.1\cucumber-gherkin-7.14.1.jar;C:\Users\JoãoKita\.m2\repository\io\cucumber\cucumber-gherkin-messages\7.14.1\cucumber-gherkin-messages-7.14.1.jar;C:\Users\JoãoKita\.m2\repository\io\cucumber\gherkin\26.2.0\gherkin-26.2.0.jar;C:\Users\JoãoKita\.m2\repository\io\cucumber\messages\22.0.0\messages-22.0.0.jar;C:\Users\JoãoKita\.m2\repository\io\cucumber\tag-expressions\6.0.0\tag-expressions-6.0.0.jar;C:\Users\JoãoKita\.m2\repository\io\cucumber\cucumber-expressions\17.0.1\cucumber-expressions-17.0.1.jar;C:\Users\JoãoKita\.m2\repository\io\cucumber\datatable\7.14.1\datatable-7.14.1.jar;C:\Users\JoãoKita\.m2\repository\io\cucumber\cucumber-plugin\7.14.1\cucumber-plugin-7.14.1.jar;C:\Users\JoãoKita\.m2\repository\io\cucumber\docstring\7.14.1\docstring-7.14.1.jar;C:\Users\JoãoKita\.m2\repository\io\cucumber\html-formatter\20.4.0\html-formatter-20.4.0.jar;C:\Users\JoãoKita\.m2\repository\io\cucumber\junit-xml-formatter\0.2.0\junit-xml-formatter-0.2.0.jar;C:\Users\JoãoKita\.m2\repository\io\cucumber\ci-environment\10.0.0\ci-environment-10.0.0.jar;C:\Users\JoãoKita\.m2\repository\org\apiguardian\apiguardian-api\1.1.2\apiguardian-api-1.1.2.jar;C:\Users\JoãoKita\.m2\repository\junit\junit\4.13.1\junit-4.13.1.jar;C:\Users\JoãoKita\.m2\repository\org\hamcrest\hamcrest-core\1.3\hamcrest-core-1.3.jar;"/>
    <property name="java.vm.vendor" value="Oracle Corporation"/>
    <property name="sun.arch.data.model" value="64"/>
    <property name="user.variant" value=""/>
    <property name="java.vendor.url" value="http://java.oracle.com/"/>
    <property name="user.timezone" value="America/Sao_Paulo"/>
    <property name="java.vm.specification.version" value="1.8"/>
    <property name="os.name" value="Windows 10"/>
    <property name="user.country" value="US"/>
    <property name="sun.java.launcher" value="SUN_STANDARD"/>
    <property name="sun.boot.library.path" value="C:\Program Files\Java\jdk1.8.0_211\jre\bin"/>
    <property name="sun.java.command" value="C:\Users\JOOKIT~1\AppData\Local\Temp\surefire6584412182406193039\surefirebooter7541208247400530112.jar C:\Users\JoãoKita\AppData\Local\Temp\surefire6584412182406193039 2024-07-04T19-30-21_629-jvmRun1 surefire7072207419223349887tmp surefire_02132734978528427296tmp"/>
    <property name="surefire.test.class.path" value="C:\work\code\repositories\studies\courses\unicamp-software-engineering\INF 335 - Ambientes para Concepção de Software\aula4\trab\inf335-trab4\target\test-classes;C:\work\code\repositories\studies\courses\unicamp-software-engineering\INF 335 - Ambientes para Concepção de Software\aula4\trab\inf335-trab4\target\classes;C:\Users\JoãoKita\.m2\repository\io\cucumber\cucumber-java\7.14.1\cucumber-java-7.14.1.jar;C:\Users\JoãoKita\.m2\repository\io\cucumber\cucumber-core\7.14.1\cucumber-core-7.14.1.jar;C:\Users\JoãoKita\.m2\repository\io\cucumber\cucumber-gherkin\7.14.1\cucumber-gherkin-7.14.1.jar;C:\Users\JoãoKita\.m2\repository\io\cucumber\cucumber-gherkin-messages\7.14.1\cucumber-gherkin-messages-7.14.1.jar;C:\Users\JoãoKita\.m2\repository\io\cucumber\gherkin\26.2.0\gherkin-26.2.0.jar;C:\Users\JoãoKita\.m2\repository\io\cucumber\messages\22.0.0\messages-22.0.0.jar;C:\Users\JoãoKita\.m2\repository\io\cucumber\tag-expressions\6.0.0\tag-expressions-6.0.0.jar;C:\Users\JoãoKita\.m2\repository\io\cucumber\cucumber-expressions\17.0.1\cucumber-expressions-17.0.1.jar;C:\Users\JoãoKita\.m2\repository\io\cucumber\datatable\7.14.1\datatable-7.14.1.jar;C:\Users\JoãoKita\.m2\repository\io\cucumber\cucumber-plugin\7.14.1\cucumber-plugin-7.14.1.jar;C:\Users\JoãoKita\.m2\repository\io\cucumber\docstring\7.14.1\docstring-7.14.1.jar;C:\Users\JoãoKita\.m2\repository\io\cucumber\html-formatter\20.4.0\html-formatter-20.4.0.jar;C:\Users\JoãoKita\.m2\repository\io\cucumber\junit-xml-formatter\0.2.0\junit-xml-formatter-0.2.0.jar;C:\Users\JoãoKita\.m2\repository\io\cucumber\ci-environment\10.0.0\ci-environment-10.0.0.jar;C:\Users\JoãoKita\.m2\repository\org\apiguardian\apiguardian-api\1.1.2\apiguardian-api-1.1.2.jar;C:\Users\JoãoKita\.m2\repository\junit\junit\4.13.1\junit-4.13.1.jar;C:\Users\JoãoKita\.m2\repository\org\hamcrest\hamcrest-core\1.3\hamcrest-core-1.3.jar;"/>
    <property name="sun.cpu.endian" value="little"/>
    <property name="user.home" value="C:\Users\JoãoKita"/>
    <property name="user.language" value="en"/>
    <property name="java.specification.vendor" value="Oracle Corporation"/>
    <property name="java.home" value="C:\Program Files\Java\jdk1.8.0_211\jre"/>
    <property name="basedir" value="C:\work\code\repositories\studies\courses\unicamp-software-engineering\INF 335 - Ambientes para Concepção de Software\aula4\trab\inf335-trab4"/>
    <property name="file.separator" value="\"/>
    <property name="line.separator" value="&#10;"/>
    <property name="java.vm.specification.vendor" value="Oracle Corporation"/>
    <property name="java.specification.name" value="Java Platform API Specification"/>
    <property name="java.awt.graphicsenv" value="sun.awt.Win32GraphicsEnvironment"/>
    <property name="surefire.real.class.path" value="C:\Users\JOOKIT~1\AppData\Local\Temp\surefire6584412182406193039\surefirebooter7541208247400530112.jar"/>
    <property name="sun.boot.class.path" value="C:\Program Files\Java\jdk1.8.0_211\jre\lib\resources.jar;C:\Program Files\Java\jdk1.8.0_211\jre\lib\rt.jar;C:\Program Files\Java\jdk1.8.0_211\jre\lib\sunrsasign.jar;C:\Program Files\Java\jdk1.8.0_211\jre\lib\jsse.jar;C:\Program Files\Java\jdk1.8.0_211\jre\lib\jce.jar;C:\Program Files\Java\jdk1.8.0_211\jre\lib\charsets.jar;C:\Program Files\Java\jdk1.8.0_211\jre\lib\jfr.jar;C:\Program Files\Java\jdk1.8.0_211\jre\classes"/>
    <property name="user.script" value=""/>
    <property name="sun.management.compiler" value="HotSpot 64-Bit Tiered Compilers"/>
    <property name="java.runtime.version" value="1.8.0_211-b12"/>
    <property name="user.name" value="JoãoKita"/>
    <property name="path.separator" value=";"/>
    <property name="os.version" value="10.0"/>
    <property name="java.endorsed.dirs" value="C:\Program Files\Java\jdk1.8.0_211\jre\lib\endorsed"/>
    <property name="java.runtime.name" value="Java(TM) SE Runtime Environment"/>
    <property name="file.encoding" value="Cp1252"/>
    <property name="java.vm.name" value="Java HotSpot(TM) 64-Bit Server VM"/>
    <property name="localRepository" value="C:\Users\JoãoKita\.m2\repository"/>
    <property name="java.vendor.url.bug" value="http://bugreport.sun.com/bugreport/"/>
    <property name="java.io.tmpdir" value="C:\Users\JOOKIT~1\AppData\Local\Temp\"/>
    <property name="idea.version" value="2023.1.2"/>
    <property name="java.version" value="1.8.0_211"/>
    <property name="user.dir" value="C:\work\code\repositories\studies\courses\unicamp-software-engineering\INF 335 - Ambientes para Concepção de Software\aula4\trab\inf335-trab4"/>
    <property name="os.arch" value="amd64"/>
    <property name="java.vm.specification.name" value="Java Virtual Machine Specification"/>
    <property name="java.awt.printerjob" value="sun.awt.windows.WPrinterJob"/>
    <property name="sun.os.patch.level" value=""/>
    <property name="java.library.path" value="C:\Program Files\Java\jdk1.8.0_211\jre\bin;C:\WINDOWS\Sun\Java\bin;C:\WINDOWS\system32;C:\WINDOWS;C:\Program Files\Java\jdk1.8.0_211\bin;C:\ProgramData\chocolatey\lib\maven\apache-maven-3.9.2\bin;C:\Program Files (x86)\Microsoft SDKs\Azure\CLI2\wbin;C:\Python39\Scripts\;C:\Python39\;C:\WINDOWS\system32;C:\WINDOWS;C:\WINDOWS\System32\Wbem;C:\WINDOWS\System32\WindowsPowerShell\v1.0\;C:\WINDOWS\System32\OpenSSH\;C:\ProgramData\chocolatey\bin;C:\Program Files (x86)\ZeroTier\One\;C:\Program Files\dotnet\;C:\Program Files\Microsoft VS Code\bin;C:\Program Files\Microsoft SQL Server\130\Tools\Binn\;C:\Program Files\Git\cmd;C:\Program Files\Microsoft\Web Platform Installer\;C:\Program Files (x86)\Yarn\bin\;C:\Program Files\PostgreSQL\13\bin;C:\Program Files\Microsoft SQL Server\Client SDK\ODBC\170\Tools\Binn\;C:\Program Files (x86)\oh-my-posh\bin;C:\Program Files\nodejs\;C:\Program Files\Amazon\AWSCLIV2\;C:\WINDOWS\system32;C:\WINDOWS;C:\WINDOWS\System32\Wbem;C:\WINDOWS\System32\WindowsPowerShell\v1.0\;C:\WINDOWS\System32\OpenSSH\;C:\Program Files\Microsoft Service Fabric\bin\Fabric\Fabric.Code;C:\Program Files\Microsoft SDKs\Service Fabric\Tools\ServiceFabricLocalClusterManager;C:\Program Files\Microsoft SQL Server\150\Tools\Binn\;C:\Program Files\Java\jdk1.8.0_211\bin;C:\Program Files (x86)\Microsoft SQL Server\160\DTS\Binn\;C:\Program Files\Azure Data Studio\bin;C:\Program Files (x86)\Microsoft SQL Server\150\Tools\Binn\;C:\Program Files\Microsoft SQL Server\150\DTS\Binn\;C:\Program Files (x86)\Microsoft SQL Server\160\Tools\Binn\;C:\Program Files\Microsoft SQL Server\160\Tools\Binn\;C:\Program Files\Microsoft SQL Server\160\DTS\Binn\;C:\Program Files\Docker\Docker\resources\bin;C:\Program Files\PowerShell\7\;C:\Program Files (x86)\Windows Kits\10\Windows Performance Toolkit\;C:\Users\JoãoKita\AppData\Local\Microsoft\WindowsApps;C:\Users\JoãoKita\.dotnet\tools;C:\Users\JoãoKita\AppData\Local\Programs\Fiddler;C:\tools\Cmder;C:\Users\JoãoKita\AppData\Local\Yarn\bin;C:\Users\JoãoKita\AppData\Local\Microsoft\WindowsApps;C:\Users\JoãoKita\.dotnet\tools;C:\Users\JoãoKita\AppData\Local\Programs\oh-my-posh\bin;C:\Users\JoãoKita\AppData\Roaming\npm;C:\Program Files\Azure Data Studio\bin;C:\Users\JoãoKita\AppData\Local\JetBrains\Toolbox\scripts;C:\Users\JoãoKita\.dotnet\tools;C:\Users\JoãoKita\AppData\Local\Pandoc\;C:\Users\JoãoKita\AppData\Local\GitHubDesktop\bin;."/>
    <property name="java.vm.info" value="mixed mode"/>
    <property name="java.vendor" value="Oracle Corporation"/>
    <property name="java.vm.version" value="25.211-b12"/>
    <property name="java.ext.dirs" value="C:\Program Files\Java\jdk1.8.0_211\jre\lib\ext;C:\WINDOWS\Sun\Java\lib\ext"/>
    <property name="sun.io.unicode.encoding" value="UnicodeLittle"/>
    <property name="java.class.version" value="52.0"/>
  </properties>
  <testcase name="testSetDesconto" classname="br.unicamp.ic.inf335.beans.AnuncioBeanTest" time="0"/>
  <testcase name="testGetDesconto" classname="br.unicamp.ic.inf335.beans.AnuncioBeanTest" time="0"/>
  <testcase name="testGetValor" classname="br.unicamp.ic.inf335.beans.AnuncioBeanTest" time="0"/>
  <testcase name="testGetProduto" classname="br.unicamp.ic.inf335.beans.AnuncioBeanTest" time="0"/>
  <testcase name="testGetSerialversionuid" classname="br.unicamp.ic.inf335.beans.AnuncioBeanTest" time="0"/>
  <testcase name="testSetFotosUrl" classname="br.unicamp.ic.inf335.beans.AnuncioBeanTest" time="0"/>
  <testcase name="testSetProduto" classname="br.unicamp.ic.inf335.beans.AnuncioBeanTest" time="0"/>
  <testcase name="testGetFotosUrl" classname="br.unicamp.ic.inf335.beans.AnuncioBeanTest" time="0"/>
</testsuite>